
   INFO  Server running on [http://0.0.0.0:8000].  

  Press Ctrl+C to stop the server

  2025-09-18 19:38:14 ................................................... ~ 1s
  2025-09-18 19:39:23 ................................................... ~ 1s
  2025-09-18 19:39:23 /assets-home/images/logo/logo-black.png ........... ~ 1s
  2025-09-18 19:39:24 /admin_assets/js/main.js .......................... ~ 0s
  2025-09-18 19:39:24 /admin_assets/js/sweet-alert.js ................... ~ 0s
  2025-09-18 19:39:24 /assets/images/razorpay-bg-visual-1.3x.jpeg ....... ~ 0s
  2025-09-18 19:39:25 /assets/favicon.png ............................... ~ 0s
  2025-09-18 19:39:31 ................................................... ~ 1s
  2025-09-18 19:39:33 ................................................... ~ 0s
  2025-09-18 19:39:33 ................................................... ~ 0s
  2025-09-18 19:39:34 /admin_assets/vendors/core/core.css ............... ~ 0s
  2025-09-18 19:39:34 /admin_assets/vendors/datatables.net-bs5/dataTables.bootstrap5.css  ~ 0s
  2025-09-18 19:39:34 /admin_assets/vendors/flatpickr/flatpickr.min.css . ~ 0s
  2025-09-18 19:39:34 /admin_assets/vendors/sweetalert2/sweetalert2.min.css  ~ 0s
  2025-09-18 19:39:34 /admin_assets/vendors/pickr/themes/classic.min.css  ~ 0s
  2025-09-18 19:39:34 /admin_assets/fonts/feather-font/css/iconfont.css . ~ 0s
  2025-09-18 19:39:34 /admin_assets/vendors/flag-icon-css/css/flag-icon.min.css  ~ 0s
  2025-09-18 19:39:34 /admin_assets/vendors/select2/select2.min.css ..... ~ 0s
  2025-09-18 19:39:34 /admin_assets/vendors/jquery-tags-input/jquery.tagsinput.min.css  ~ 0s
  2025-09-18 19:39:34 /admin_assets/vendors/dropzone/dropzone.min.css ... ~ 0s
  2025-09-18 19:39:34 /admin_assets/vendors/dropify/dist/dropify.min.css  ~ 0s
  2025-09-18 19:39:34 /admin_assets/vendors/font-awesome/css/font-awesome.min.css  ~ 0s
  2025-09-18 19:39:34 /admin_assets/vendors/core/core.js ................ ~ 0s
  2025-09-18 19:39:34 /admin_assets/css/demo1/style.css ................. ~ 0s
  2025-09-18 19:39:34 /assets-home/images/logo/logo.jpeg ................ ~ 0s
  2025-09-18 19:39:34 /assets/img/mothersolution.png .................... ~ 0s
  2025-09-18 19:39:34 /admin_assets/vendors/flatpickr/flatpickr.min.js .. ~ 0s
  2025-09-18 19:39:34 /admin_assets/vendors/apexcharts/apexcharts.min.js  ~ 0s
  2025-09-18 19:39:34 /admin_assets/vendors/datatables.net/jquery.dataTables.js  ~ 0s
  2025-09-18 19:39:34 /admin_assets/vendors/datatables.net-bs5/dataTables.bootstrap5.js  ~ 0s
  2025-09-18 19:39:34 /admin_assets/vendors/select2/select2.min.js ...... ~ 0s
  2025-09-18 19:39:34 /admin_assets/vendors/inputmask/jquery.inputmask.min.js  ~ 0s
  2025-09-18 19:39:34 /admin_assets/vendors/typeahead.js/typeahead.bundle.min.js  ~ 0s
  2025-09-18 19:39:34 /admin_assets/vendors/jquery-tags-input/jquery.tagsinput.min.js  ~ 0s
  2025-09-18 19:39:34 /admin_assets/vendors/dropzone/dropzone.min.js .... ~ 0s
  2025-09-18 19:39:34 /admin_assets/vendors/dropify/dist/dropify.min.js . ~ 0s
  2025-09-18 19:39:34 /admin_assets/vendors/pickr/pickr.min.js .......... ~ 0s
  2025-09-18 19:39:34 /admin_assets/vendors/moment/moment.min.js ........ ~ 0s
  2025-09-18 19:39:34 /admin_assets/vendors/feather-icons/feather.min.js  ~ 0s
  2025-09-18 19:39:34 /admin_assets/js/template.js ...................... ~ 0s
  2025-09-18 19:39:34 /admin_assets/js/main.js .......................... ~ 0s
  2025-09-18 19:39:34 /admin_assets/js/sweet-alert.js ................... ~ 0s
  2025-09-18 19:39:34 /admin_assets/vendors/sweetalert2/sweetalert2.min.js  ~ 0s
  2025-09-18 19:39:34 /admin_assets/js/jquery.validate.min.js ........... ~ 0s
  2025-09-18 19:39:34 /admin_assets/js/data-table.js .................... ~ 0s
  2025-09-18 19:39:34 /admin_assets/js/inputmask.js ..................... ~ 0s
  2025-09-18 19:39:34 /admin_assets/js/select2.js ....................... ~ 0s
  2025-09-18 19:39:34 /admin_assets/js/typeahead.js ..................... ~ 0s
  2025-09-18 19:39:34 /admin_assets/js/tags-input.js .................... ~ 0s
  2025-09-18 19:39:34 /admin_assets/js/dropzone.js ...................... ~ 0s
  2025-09-18 19:39:34 /admin_assets/js/dropify.js ....................... ~ 0s
  2025-09-18 19:39:34 /admin_assets/js/pickr.js ......................... ~ 0s
  2025-09-18 19:39:34 /admin_assets/js/flatpickr.js ..................... ~ 0s
  2025-09-18 19:40:38 ................................................... ~ 0s
  2025-09-18 19:40:38 /admin_assets/vendors/core/core.css ............... ~ 0s
  2025-09-18 19:40:38 /admin_assets/vendors/datatables.net-bs5/dataTables.bootstrap5.css  ~ 0s
  2025-09-18 19:40:38 /admin_assets/vendors/flatpickr/flatpickr.min.css . ~ 0s
  2025-09-18 19:40:38 /admin_assets/vendors/sweetalert2/sweetalert2.min.css  ~ 0s
  2025-09-18 19:40:38 /admin_assets/vendors/pickr/themes/classic.min.css  ~ 0s
  2025-09-18 19:40:39 /admin_assets/fonts/feather-font/css/iconfont.css . ~ 0s
  2025-09-18 19:40:39 /admin_assets/vendors/flag-icon-css/css/flag-icon.min.css  ~ 0s
  2025-09-18 19:40:39 /admin_assets/vendors/select2/select2.min.css ..... ~ 0s
  2025-09-18 19:40:39 /admin_assets/vendors/jquery-tags-input/jquery.tagsinput.min.css  ~ 0s
  2025-09-18 19:40:39 /admin_assets/vendors/dropzone/dropzone.min.css ... ~ 0s
  2025-09-18 19:40:39 /admin_assets/vendors/dropify/dist/dropify.min.css  ~ 0s
  2025-09-18 19:40:39 /admin_assets/vendors/font-awesome/css/font-awesome.min.css  ~ 0s
  2025-09-18 19:40:39 /admin_assets/css/demo1/style.css ................. ~ 0s
  2025-09-18 19:40:39 /admin_assets/vendors/core/core.js ................ ~ 0s
  2025-09-18 19:40:39 /assets-home/images/logo/logo.jpeg ................ ~ 0s
  2025-09-18 19:40:39 /admin_assets/vendors/flatpickr/flatpickr.min.js .. ~ 0s
  2025-09-18 19:40:39 /assets/img/mothersolution.png .................... ~ 0s
  2025-09-18 19:40:39 /admin_assets/vendors/apexcharts/apexcharts.min.js  ~ 0s
  2025-09-18 19:40:39 /admin_assets/vendors/datatables.net/jquery.dataTables.js  ~ 0s
  2025-09-18 19:40:39 /admin_assets/vendors/datatables.net-bs5/dataTables.bootstrap5.js  ~ 0s
  2025-09-18 19:40:39 /admin_assets/vendors/select2/select2.min.js ...... ~ 0s
  2025-09-18 19:40:39 /admin_assets/vendors/inputmask/jquery.inputmask.min.js  ~ 0s
  2025-09-18 19:40:39 /admin_assets/vendors/typeahead.js/typeahead.bundle.min.js  ~ 0s
  2025-09-18 19:40:39 /admin_assets/vendors/jquery-tags-input/jquery.tagsinput.min.js  ~ 0s
  2025-09-18 19:40:39 /admin_assets/vendors/dropzone/dropzone.min.js .... ~ 0s
  2025-09-18 19:40:39 /admin_assets/vendors/dropify/dist/dropify.min.js . ~ 0s
  2025-09-18 19:40:39 /admin_assets/vendors/pickr/pickr.min.js .......... ~ 0s
  2025-09-18 19:40:39 /admin_assets/vendors/moment/moment.min.js ........ ~ 0s
  2025-09-18 19:40:39 /admin_assets/vendors/feather-icons/feather.min.js  ~ 0s
  2025-09-18 19:40:39 /admin_assets/js/template.js ...................... ~ 0s
  2025-09-18 19:40:39 /admin_assets/js/main.js .......................... ~ 0s
  2025-09-18 19:40:39 /admin_assets/js/sweet-alert.js ................... ~ 0s
  2025-09-18 19:40:40 /admin_assets/vendors/sweetalert2/sweetalert2.min.js  ~ 0s
  2025-09-18 19:40:40 /admin_assets/js/jquery.validate.min.js ........... ~ 0s
  2025-09-18 19:40:40 /admin_assets/js/data-table.js .................... ~ 0s
  2025-09-18 19:40:40 /admin_assets/js/inputmask.js ..................... ~ 0s
  2025-09-18 19:40:40 /admin_assets/js/select2.js ....................... ~ 0s
  2025-09-18 19:40:40 /admin_assets/js/typeahead.js ..................... ~ 0s
  2025-09-18 19:40:40 /admin_assets/js/tags-input.js .................... ~ 0s
  2025-09-18 19:40:40 /admin_assets/js/dropzone.js ...................... ~ 0s
  2025-09-18 19:40:40 /admin_assets/js/dropify.js ....................... ~ 0s
  2025-09-18 19:40:40 /admin_assets/js/pickr.js ......................... ~ 0s
  2025-09-18 19:40:40 /admin_assets/js/flatpickr.js ..................... ~ 0s
  2025-09-18 19:40:40 /admin_assets/vendors/flatpickr/flatpickr.min.js .. ~ 0s
  2025-09-18 19:40:53 ................................................... ~ 1s
  2025-09-18 19:40:54 /admin_assets/vendors/core/core.css ............... ~ 0s
  2025-09-18 19:40:54 /admin_assets/vendors/datatables.net-bs5/dataTables.bootstrap5.css  ~ 0s
  2025-09-18 19:40:54 /admin_assets/vendors/flatpickr/flatpickr.min.css . ~ 0s
  2025-09-18 19:40:54 /admin_assets/vendors/sweetalert2/sweetalert2.min.css  ~ 0s
  2025-09-18 19:40:54 /admin_assets/vendors/pickr/themes/classic.min.css  ~ 0s
  2025-09-18 19:40:54 /admin_assets/fonts/feather-font/css/iconfont.css . ~ 0s
  2025-09-18 19:40:54 /admin_assets/vendors/flag-icon-css/css/flag-icon.min.css  ~ 0s
  2025-09-18 19:40:54 /admin_assets/vendors/select2/select2.min.css ..... ~ 0s
  2025-09-18 19:40:54 /admin_assets/vendors/jquery-tags-input/jquery.tagsinput.min.css  ~ 0s
  2025-09-18 19:40:54 /admin_assets/vendors/dropzone/dropzone.min.css ... ~ 0s
  2025-09-18 19:40:54 /admin_assets/vendors/dropify/dist/dropify.min.css  ~ 0s
  2025-09-18 19:40:54 /admin_assets/vendors/font-awesome/css/font-awesome.min.css  ~ 0s
  2025-09-18 19:40:54 /admin_assets/css/demo1/style.css ................. ~ 0s
  2025-09-18 19:40:54 /admin_assets/vendors/core/core.js ................ ~ 0s
  2025-09-18 19:40:54 /assets-home/images/logo/logo.jpeg ................ ~ 0s
  2025-09-18 19:40:54 /assets/img/mothersolution.png .................... ~ 0s
  2025-09-18 19:40:54 /admin_assets/vendors/flatpickr/flatpickr.min.js .. ~ 0s
  2025-09-18 19:40:54 /admin_assets/vendors/apexcharts/apexcharts.min.js  ~ 0s
  2025-09-18 19:40:54 /admin_assets/vendors/datatables.net-bs5/dataTables.bootstrap5.js  ~ 0s
  2025-09-18 19:40:54 /admin_assets/vendors/datatables.net/jquery.dataTables.js  ~ 0s
  2025-09-18 19:40:54 /admin_assets/vendors/select2/select2.min.js ...... ~ 0s
  2025-09-18 19:40:54 /admin_assets/vendors/inputmask/jquery.inputmask.min.js  ~ 0s
  2025-09-18 19:40:54 /admin_assets/vendors/typeahead.js/typeahead.bundle.min.js  ~ 0s
  2025-09-18 19:40:54 /admin_assets/vendors/jquery-tags-input/jquery.tagsinput.min.js  ~ 0s
  2025-09-18 19:40:54 /admin_assets/vendors/dropzone/dropzone.min.js .... ~ 0s
  2025-09-18 19:40:54 /admin_assets/vendors/dropify/dist/dropify.min.js . ~ 0s
  2025-09-18 19:40:54 /admin_assets/vendors/pickr/pickr.min.js .......... ~ 0s
  2025-09-18 19:40:54 /admin_assets/vendors/moment/moment.min.js ........ ~ 0s
  2025-09-18 19:40:54 /admin_assets/vendors/feather-icons/feather.min.js  ~ 0s
  2025-09-18 19:40:54 /admin_assets/js/template.js ...................... ~ 0s
  2025-09-18 19:40:54 /admin_assets/js/main.js .......................... ~ 0s
  2025-09-18 19:40:54 /admin_assets/js/sweet-alert.js ................... ~ 0s
  2025-09-18 19:40:54 /admin_assets/vendors/sweetalert2/sweetalert2.min.js  ~ 0s
  2025-09-18 19:40:54 /admin_assets/js/jquery.validate.min.js ........... ~ 0s
  2025-09-18 19:40:54 /admin_assets/js/data-table.js .................... ~ 0s
  2025-09-18 19:40:54 /admin_assets/js/inputmask.js ..................... ~ 0s
  2025-09-18 19:40:54 /admin_assets/js/select2.js ....................... ~ 0s
  2025-09-18 19:40:54 /admin_assets/js/typeahead.js ..................... ~ 0s
  2025-09-18 19:40:54 /admin_assets/js/tags-input.js .................... ~ 0s
  2025-09-18 19:40:54 /admin_assets/js/dropzone.js ...................... ~ 0s
  2025-09-18 19:40:54 /admin_assets/js/dropify.js ....................... ~ 0s
  2025-09-18 19:40:54 /admin_assets/js/pickr.js ......................... ~ 0s
  2025-09-18 19:40:54 /admin_assets/js/flatpickr.js ..................... ~ 0s

   INFO  Environment modified. Restarting server...  

   INFO  Server running on [http://0.0.0.0:8000].  

  Press Ctrl+C to stop the server


   INFO  Environment modified. Restarting server...  

   INFO  Server running on [http://0.0.0.0:8000].  

  Press Ctrl+C to stop the server

  2025-09-18 19:43:00 ................................................... ~ 1s
  2025-09-18 19:43:00 ................................................... ~ 1s
  2025-09-18 19:43:01 /assets-home/images/logo/logo-black.png ........... ~ 0s
  2025-09-18 19:43:01 /admin_assets/js/main.js .......................... ~ 0s
  2025-09-18 19:43:01 /admin_assets/js/sweet-alert.js ................... ~ 0s
  2025-09-18 19:43:01 /assets/images/razorpay-bg-visual-1.3x.jpeg ....... ~ 0s
  2025-09-18 19:43:07 ................................................... ~ 0s
  2025-09-18 19:43:08 ................................................... ~ 1s
  2025-09-18 19:43:08 ................................................... ~ 1s
  2025-09-18 19:43:09 /admin_assets/vendors/core/core.css ............... ~ 0s
  2025-09-18 19:43:09 /admin_assets/vendors/datatables.net-bs5/dataTables.bootstrap5.css  ~ 0s
  2025-09-18 19:43:09 /admin_assets/vendors/flatpickr/flatpickr.min.css . ~ 0s
  2025-09-18 19:43:09 /admin_assets/vendors/sweetalert2/sweetalert2.min.css  ~ 0s
  2025-09-18 19:43:09 /admin_assets/vendors/pickr/themes/classic.min.css  ~ 0s
  2025-09-18 19:43:09 /admin_assets/fonts/feather-font/css/iconfont.css . ~ 0s
  2025-09-18 19:43:09 /admin_assets/vendors/flag-icon-css/css/flag-icon.min.css  ~ 0s
  2025-09-18 19:43:09 /admin_assets/vendors/select2/select2.min.css ..... ~ 0s
  2025-09-18 19:43:09 /admin_assets/vendors/jquery-tags-input/jquery.tagsinput.min.css  ~ 0s
  2025-09-18 19:43:09 /admin_assets/vendors/dropzone/dropzone.min.css ... ~ 0s
  2025-09-18 19:43:09 /admin_assets/vendors/dropify/dist/dropify.min.css  ~ 0s
  2025-09-18 19:43:09 /admin_assets/vendors/font-awesome/css/font-awesome.min.css  ~ 0s
  2025-09-18 19:43:09 /admin_assets/vendors/core/core.js ................ ~ 0s
  2025-09-18 19:43:09 /admin_assets/css/demo1/style.css ................. ~ 0s
  2025-09-18 19:43:09 /admin_assets/vendors/flatpickr/flatpickr.min.js .. ~ 0s
  2025-09-18 19:43:09 /admin_assets/vendors/apexcharts/apexcharts.min.js  ~ 0s
  2025-09-18 19:43:09 /admin_assets/vendors/datatables.net/jquery.dataTables.js  ~ 0s
  2025-09-18 19:43:09 /admin_assets/vendors/datatables.net-bs5/dataTables.bootstrap5.js  ~ 0s
  2025-09-18 19:43:09 /admin_assets/vendors/select2/select2.min.js ...... ~ 0s
  2025-09-18 19:43:09 /admin_assets/vendors/inputmask/jquery.inputmask.min.js  ~ 0s
  2025-09-18 19:43:09 /admin_assets/vendors/typeahead.js/typeahead.bundle.min.js  ~ 0s
  2025-09-18 19:43:09 /admin_assets/vendors/jquery-tags-input/jquery.tagsinput.min.js  ~ 0s
  2025-09-18 19:43:09 /admin_assets/vendors/dropzone/dropzone.min.js .... ~ 0s
  2025-09-18 19:43:09 /admin_assets/vendors/dropify/dist/dropify.min.js . ~ 0s
  2025-09-18 19:43:09 /admin_assets/vendors/pickr/pickr.min.js .......... ~ 0s
  2025-09-18 19:43:09 /admin_assets/vendors/moment/moment.min.js ........ ~ 0s
  2025-09-18 19:43:09 /admin_assets/vendors/feather-icons/feather.min.js  ~ 0s
  2025-09-18 19:43:09 /admin_assets/js/template.js ...................... ~ 0s
  2025-09-18 19:43:09 /admin_assets/js/main.js .......................... ~ 0s
  2025-09-18 19:43:09 /admin_assets/js/sweet-alert.js ................... ~ 0s
  2025-09-18 19:43:09 /admin_assets/vendors/sweetalert2/sweetalert2.min.js  ~ 0s
  2025-09-18 19:43:09 /admin_assets/js/jquery.validate.min.js ........... ~ 0s
  2025-09-18 19:43:09 /admin_assets/js/data-table.js .................... ~ 0s
  2025-09-18 19:43:09 /admin_assets/js/inputmask.js ..................... ~ 0s
  2025-09-18 19:43:09 /admin_assets/js/select2.js ....................... ~ 0s
  2025-09-18 19:43:09 /admin_assets/js/typeahead.js ..................... ~ 0s
  2025-09-18 19:43:09 /admin_assets/js/tags-input.js .................... ~ 0s
  2025-09-18 19:43:09 /admin_assets/js/dropzone.js ...................... ~ 0s
  2025-09-18 19:43:09 /admin_assets/js/dropify.js ....................... ~ 0s
  2025-09-18 19:43:09 /admin_assets/js/pickr.js ......................... ~ 0s
  2025-09-18 19:43:09 /admin_assets/js/flatpickr.js ..................... ~ 0s
  2025-09-18 19:43:09 /assets-home/images/logo/logo.jpeg ................ ~ 0s
  2025-09-18 19:43:09 /assets/img/mothersolution.png .................... ~ 0s
  2025-09-18 19:43:11 ................................................... ~ 0s
  2025-09-18 19:43:11 /admin_assets/vendors/core/core.css ............... ~ 1s
  2025-09-18 19:43:12 /admin_assets/vendors/datatables.net-bs5/dataTables.bootstrap5.css  ~ 0s
  2025-09-18 19:43:12 /admin_assets/vendors/flatpickr/flatpickr.min.css . ~ 0s
  2025-09-18 19:43:12 /admin_assets/vendors/sweetalert2/sweetalert2.min.css  ~ 0s
  2025-09-18 19:43:12 /admin_assets/vendors/pickr/themes/classic.min.css  ~ 0s
  2025-09-18 19:43:12 /admin_assets/fonts/feather-font/css/iconfont.css . ~ 0s
  2025-09-18 19:43:12 /admin_assets/vendors/flag-icon-css/css/flag-icon.min.css  ~ 0s
  2025-09-18 19:43:12 /admin_assets/vendors/select2/select2.min.css ..... ~ 0s
  2025-09-18 19:43:12 /admin_assets/vendors/jquery-tags-input/jquery.tagsinput.min.css  ~ 0s
  2025-09-18 19:43:12 /admin_assets/vendors/dropzone/dropzone.min.css ... ~ 0s
  2025-09-18 19:43:12 /admin_assets/vendors/dropify/dist/dropify.min.css  ~ 0s
  2025-09-18 19:43:12 /admin_assets/vendors/font-awesome/css/font-awesome.min.css  ~ 0s
  2025-09-18 19:43:12 /admin_assets/css/demo1/style.css ................. ~ 0s
  2025-09-18 19:43:12 /admin_assets/vendors/core/core.js ................ ~ 0s
  2025-09-18 19:43:12 /assets-home/images/logo/logo.jpeg ................ ~ 0s
  2025-09-18 19:43:12 /assets/img/mothersolution.png .................... ~ 0s
  2025-09-18 19:43:12 /admin_assets/vendors/flatpickr/flatpickr.min.js .. ~ 0s
  2025-09-18 19:43:12 /admin_assets/vendors/apexcharts/apexcharts.min.js  ~ 0s
  2025-09-18 19:43:12 /admin_assets/vendors/datatables.net/jquery.dataTables.js  ~ 0s
  2025-09-18 19:43:12 /admin_assets/vendors/datatables.net-bs5/dataTables.bootstrap5.js  ~ 0s
  2025-09-18 19:43:12 /admin_assets/vendors/select2/select2.min.js ...... ~ 0s
  2025-09-18 19:43:12 /admin_assets/vendors/inputmask/jquery.inputmask.min.js  ~ 0s
  2025-09-18 19:43:12 /admin_assets/vendors/typeahead.js/typeahead.bundle.min.js  ~ 0s
  2025-09-18 19:43:12 /admin_assets/vendors/jquery-tags-input/jquery.tagsinput.min.js  ~ 0s
  2025-09-18 19:43:12 /admin_assets/vendors/dropzone/dropzone.min.js .... ~ 0s
  2025-09-18 19:43:12 /admin_assets/vendors/dropify/dist/dropify.min.js . ~ 0s
  2025-09-18 19:43:12 /admin_assets/vendors/pickr/pickr.min.js .......... ~ 0s
  2025-09-18 19:43:12 /admin_assets/vendors/moment/moment.min.js ........ ~ 0s
  2025-09-18 19:43:12 /admin_assets/vendors/feather-icons/feather.min.js  ~ 0s
  2025-09-18 19:43:12 /admin_assets/js/template.js ...................... ~ 0s
  2025-09-18 19:43:12 /admin_assets/js/main.js .......................... ~ 0s
  2025-09-18 19:43:12 /admin_assets/js/sweet-alert.js ................... ~ 0s
  2025-09-18 19:43:12 /admin_assets/vendors/sweetalert2/sweetalert2.min.js  ~ 0s
  2025-09-18 19:43:12 /admin_assets/js/jquery.validate.min.js ........... ~ 0s
  2025-09-18 19:43:12 /admin_assets/js/data-table.js .................... ~ 0s
  2025-09-18 19:43:12 /admin_assets/js/inputmask.js ..................... ~ 0s
  2025-09-18 19:43:12 /admin_assets/js/select2.js ....................... ~ 0s
  2025-09-18 19:43:12 /admin_assets/js/typeahead.js ..................... ~ 0s
  2025-09-18 19:43:12 /admin_assets/js/tags-input.js .................... ~ 0s
  2025-09-18 19:43:12 /admin_assets/js/dropzone.js ...................... ~ 0s
  2025-09-18 19:43:12 /admin_assets/js/dropify.js ....................... ~ 0s
  2025-09-18 19:43:12 /admin_assets/js/pickr.js ......................... ~ 0s
  2025-09-18 19:43:12 /admin_assets/js/flatpickr.js ..................... ~ 0s
  2025-09-18 19:43:14 ................................................... ~ 0s
  2025-09-18 19:43:14 /admin_assets/vendors/core/core.css ............... ~ 0s
  2025-09-18 19:43:14 /admin_assets/vendors/datatables.net-bs5/dataTables.bootstrap5.css  ~ 0s
  2025-09-18 19:43:14 /admin_assets/vendors/flatpickr/flatpickr.min.css . ~ 0s
  2025-09-18 19:43:14 /admin_assets/vendors/sweetalert2/sweetalert2.min.css  ~ 0s
  2025-09-18 19:43:14 /admin_assets/vendors/pickr/themes/classic.min.css  ~ 0s
  2025-09-18 19:43:14 /admin_assets/fonts/feather-font/css/iconfont.css . ~ 0s
  2025-09-18 19:43:14 /admin_assets/vendors/flag-icon-css/css/flag-icon.min.css  ~ 0s
  2025-09-18 19:43:14 /admin_assets/vendors/select2/select2.min.css ..... ~ 0s
  2025-09-18 19:43:14 /admin_assets/vendors/jquery-tags-input/jquery.tagsinput.min.css  ~ 1s
  2025-09-18 19:43:15 /admin_assets/vendors/dropzone/dropzone.min.css ... ~ 0s
  2025-09-18 19:43:15 /admin_assets/vendors/dropify/dist/dropify.min.css  ~ 0s
  2025-09-18 19:43:15 /admin_assets/vendors/font-awesome/css/font-awesome.min.css  ~ 0s
  2025-09-18 19:43:15 /assets-home/images/logo/logo.jpeg ................ ~ 0s
  2025-09-18 19:43:15 /admin_assets/css/demo1/style.css ................. ~ 0s
  2025-09-18 19:43:15 /assets/img/mothersolution.png .................... ~ 0s
  2025-09-18 19:43:15 /admin_assets/vendors/core/core.js ................ ~ 0s
  2025-09-18 19:43:15 /admin_assets/vendors/flatpickr/flatpickr.min.js .. ~ 0s
  2025-09-18 19:43:15 /admin_assets/vendors/apexcharts/apexcharts.min.js  ~ 0s
  2025-09-18 19:43:15 /admin_assets/vendors/datatables.net/jquery.dataTables.js  ~ 0s
  2025-09-18 19:43:15 /admin_assets/vendors/datatables.net-bs5/dataTables.bootstrap5.js  ~ 0s
  2025-09-18 19:43:15 /admin_assets/vendors/select2/select2.min.js ...... ~ 0s
  2025-09-18 19:43:15 /admin_assets/vendors/inputmask/jquery.inputmask.min.js  ~ 0s
  2025-09-18 19:43:15 /admin_assets/vendors/typeahead.js/typeahead.bundle.min.js  ~ 0s
  2025-09-18 19:43:15 /admin_assets/vendors/jquery-tags-input/jquery.tagsinput.min.js  ~ 0s
  2025-09-18 19:43:15 /admin_assets/vendors/dropzone/dropzone.min.js .... ~ 0s
  2025-09-18 19:43:15 /admin_assets/vendors/dropify/dist/dropify.min.js . ~ 0s
  2025-09-18 19:43:15 /admin_assets/vendors/pickr/pickr.min.js .......... ~ 0s
  2025-09-18 19:43:15 /admin_assets/vendors/moment/moment.min.js ........ ~ 0s
  2025-09-18 19:43:15 /admin_assets/vendors/feather-icons/feather.min.js  ~ 0s
  2025-09-18 19:43:15 /admin_assets/js/template.js ...................... ~ 0s
  2025-09-18 19:43:15 /admin_assets/js/main.js .......................... ~ 0s
  2025-09-18 19:43:15 /admin_assets/js/sweet-alert.js ................... ~ 0s
  2025-09-18 19:43:15 /admin_assets/vendors/sweetalert2/sweetalert2.min.js  ~ 0s
  2025-09-18 19:43:15 /admin_assets/js/jquery.validate.min.js ........... ~ 0s
  2025-09-18 19:43:15 /admin_assets/js/data-table.js .................... ~ 0s
  2025-09-18 19:43:15 /admin_assets/js/inputmask.js ..................... ~ 0s
  2025-09-18 19:43:15 /admin_assets/js/select2.js ....................... ~ 0s
  2025-09-18 19:43:15 /admin_assets/js/typeahead.js ..................... ~ 0s
  2025-09-18 19:43:15 /admin_assets/js/tags-input.js .................... ~ 0s
  2025-09-18 19:43:15 /admin_assets/js/dropzone.js ...................... ~ 0s
  2025-09-18 19:43:15 /admin_assets/js/dropify.js ....................... ~ 0s
  2025-09-18 19:43:15 /admin_assets/js/pickr.js ......................... ~ 0s
  2025-09-18 19:43:15 /admin_assets/js/flatpickr.js ..................... ~ 0s
  2025-09-18 19:43:18 ................................................... ~ 0s
  2025-09-18 19:43:18 /admin_assets/vendors/core/core.css ............... ~ 0s
  2025-09-18 19:43:18 /admin_assets/vendors/datatables.net-bs5/dataTables.bootstrap5.css  ~ 0s
  2025-09-18 19:43:18 /admin_assets/vendors/flatpickr/flatpickr.min.css . ~ 0s
  2025-09-18 19:43:18 /admin_assets/vendors/sweetalert2/sweetalert2.min.css  ~ 0s
  2025-09-18 19:43:18 /admin_assets/vendors/pickr/themes/classic.min.css  ~ 0s
  2025-09-18 19:43:18 /admin_assets/fonts/feather-font/css/iconfont.css . ~ 0s
  2025-09-18 19:43:18 /admin_assets/vendors/flag-icon-css/css/flag-icon.min.css  ~ 0s
  2025-09-18 19:43:18 /admin_assets/vendors/select2/select2.min.css ..... ~ 0s
  2025-09-18 19:43:18 /admin_assets/vendors/jquery-tags-input/jquery.tagsinput.min.css  ~ 0s
  2025-09-18 19:43:18 /admin_assets/vendors/dropzone/dropzone.min.css ... ~ 0s
  2025-09-18 19:43:18 /admin_assets/vendors/dropify/dist/dropify.min.css  ~ 0s
  2025-09-18 19:43:18 /admin_assets/vendors/font-awesome/css/font-awesome.min.css  ~ 0s
  2025-09-18 19:43:18 /admin_assets/vendors/core/core.js ................ ~ 0s
  2025-09-18 19:43:18 /admin_assets/css/demo1/style.css ................. ~ 0s
  2025-09-18 19:43:18 /assets-home/images/logo/logo.jpeg ................ ~ 0s
  2025-09-18 19:43:18 /admin_assets/vendors/flatpickr/flatpickr.min.js .. ~ 0s
  2025-09-18 19:43:18 /assets/img/mothersolution.png .................... ~ 0s
  2025-09-18 19:43:18 /admin_assets/vendors/apexcharts/apexcharts.min.js  ~ 0s
  2025-09-18 19:43:18 /admin_assets/vendors/datatables.net-bs5/dataTables.bootstrap5.js  ~ 0s
  2025-09-18 19:43:18 /admin_assets/vendors/datatables.net/jquery.dataTables.js  ~ 0s
  2025-09-18 19:43:18 /admin_assets/vendors/select2/select2.min.js ...... ~ 0s
  2025-09-18 19:43:18 /admin_assets/vendors/inputmask/jquery.inputmask.min.js  ~ 0s
  2025-09-18 19:43:18 /admin_assets/vendors/typeahead.js/typeahead.bundle.min.js  ~ 0s
  2025-09-18 19:43:18 /admin_assets/vendors/jquery-tags-input/jquery.tagsinput.min.js  ~ 0s
  2025-09-18 19:43:18 /admin_assets/vendors/dropzone/dropzone.min.js .... ~ 0s
  2025-09-18 19:43:18 /admin_assets/vendors/dropify/dist/dropify.min.js . ~ 0s
  2025-09-18 19:43:18 /admin_assets/vendors/pickr/pickr.min.js .......... ~ 0s
  2025-09-18 19:43:18 /admin_assets/vendors/moment/moment.min.js ........ ~ 0s
  2025-09-18 19:43:18 /admin_assets/vendors/feather-icons/feather.min.js  ~ 0s
  2025-09-18 19:43:18 /admin_assets/js/template.js ...................... ~ 0s
  2025-09-18 19:43:18 /admin_assets/js/main.js .......................... ~ 0s
  2025-09-18 19:43:18 /admin_assets/js/sweet-alert.js ................... ~ 0s
  2025-09-18 19:43:18 /admin_assets/vendors/sweetalert2/sweetalert2.min.js  ~ 0s
  2025-09-18 19:43:18 /admin_assets/js/jquery.validate.min.js ........... ~ 0s
  2025-09-18 19:43:18 /admin_assets/js/data-table.js .................... ~ 0s
  2025-09-18 19:43:18 /admin_assets/js/inputmask.js ..................... ~ 0s
  2025-09-18 19:43:18 /admin_assets/js/select2.js ....................... ~ 0s
  2025-09-18 19:43:18 /admin_assets/js/typeahead.js ..................... ~ 0s
  2025-09-18 19:43:18 /admin_assets/js/tags-input.js .................... ~ 0s
  2025-09-18 19:43:18 /admin_assets/js/dropzone.js ...................... ~ 0s
  2025-09-18 19:43:18 /admin_assets/js/dropify.js ....................... ~ 0s
  2025-09-18 19:43:18 /admin_assets/js/pickr.js ......................... ~ 0s
  2025-09-18 19:43:18 /admin_assets/js/flatpickr.js ..................... ~ 0s
  2025-09-18 19:43:21 ................................................... ~ 0s
  2025-09-18 19:43:21 /admin_assets/vendors/core/core.css ............... ~ 0s
  2025-09-18 19:43:21 /admin_assets/vendors/datatables.net-bs5/dataTables.bootstrap5.css  ~ 0s
  2025-09-18 19:43:21 /admin_assets/vendors/flatpickr/flatpickr.min.css . ~ 0s
  2025-09-18 19:43:21 /admin_assets/vendors/sweetalert2/sweetalert2.min.css  ~ 0s
  2025-09-18 19:43:21 /admin_assets/vendors/pickr/themes/classic.min.css  ~ 0s
  2025-09-18 19:43:21 /admin_assets/fonts/feather-font/css/iconfont.css . ~ 0s
  2025-09-18 19:43:21 /admin_assets/vendors/flag-icon-css/css/flag-icon.min.css  ~ 1s
  2025-09-18 19:43:22 /admin_assets/vendors/select2/select2.min.css ..... ~ 0s
  2025-09-18 19:43:22 /admin_assets/vendors/jquery-tags-input/jquery.tagsinput.min.css  ~ 0s
  2025-09-18 19:43:22 /admin_assets/vendors/dropzone/dropzone.min.css ... ~ 0s
  2025-09-18 19:43:22 /admin_assets/vendors/dropify/dist/dropify.min.css  ~ 0s
  2025-09-18 19:43:22 /admin_assets/vendors/font-awesome/css/font-awesome.min.css  ~ 0s
  2025-09-18 19:43:22 /admin_assets/css/demo1/style.css ................. ~ 0s
  2025-09-18 19:43:22 /admin_assets/vendors/core/core.js ................ ~ 0s
  2025-09-18 19:43:22 /assets-home/images/logo/logo.jpeg ................ ~ 0s
  2025-09-18 19:43:22 /assets/img/mothersolution.png .................... ~ 0s
  2025-09-18 19:43:22 /admin_assets/vendors/flatpickr/flatpickr.min.js .. ~ 0s
  2025-09-18 19:43:22 /admin_assets/vendors/datatables.net-bs5/dataTables.bootstrap5.js  ~ 0s
  2025-09-18 19:43:22 /admin_assets/vendors/apexcharts/apexcharts.min.js  ~ 0s
  2025-09-18 19:43:22 /admin_assets/vendors/select2/select2.min.js ...... ~ 0s
  2025-09-18 19:43:22 /admin_assets/vendors/datatables.net/jquery.dataTables.js  ~ 0s
  2025-09-18 19:43:22 /admin_assets/vendors/inputmask/jquery.inputmask.min.js  ~ 0s
  2025-09-18 19:43:22 /admin_assets/vendors/typeahead.js/typeahead.bundle.min.js  ~ 0s
  2025-09-18 19:43:22 /admin_assets/vendors/jquery-tags-input/jquery.tagsinput.min.js  ~ 0s
  2025-09-18 19:43:22 /admin_assets/vendors/dropzone/dropzone.min.js .... ~ 0s
  2025-09-18 19:43:22 /admin_assets/vendors/dropify/dist/dropify.min.js . ~ 0s
  2025-09-18 19:43:22 /admin_assets/vendors/pickr/pickr.min.js .......... ~ 0s
  2025-09-18 19:43:22 /admin_assets/vendors/moment/moment.min.js ........ ~ 0s
  2025-09-18 19:43:22 /admin_assets/vendors/feather-icons/feather.min.js  ~ 0s
  2025-09-18 19:43:22 /admin_assets/js/template.js ...................... ~ 0s
  2025-09-18 19:43:22 /admin_assets/js/main.js .......................... ~ 0s
  2025-09-18 19:43:22 /admin_assets/js/sweet-alert.js ................... ~ 0s
  2025-09-18 19:43:22 /admin_assets/vendors/sweetalert2/sweetalert2.min.js  ~ 0s
  2025-09-18 19:43:22 /admin_assets/js/jquery.validate.min.js ........... ~ 0s
  2025-09-18 19:43:22 /admin_assets/js/data-table.js .................... ~ 0s
  2025-09-18 19:43:22 /admin_assets/js/inputmask.js ..................... ~ 0s
  2025-09-18 19:43:22 /admin_assets/js/select2.js ....................... ~ 0s
  2025-09-18 19:43:22 /admin_assets/js/typeahead.js ..................... ~ 0s
  2025-09-18 19:43:22 /admin_assets/js/tags-input.js .................... ~ 0s
  2025-09-18 19:43:22 /admin_assets/js/dropzone.js ...................... ~ 0s
  2025-09-18 19:43:22 /admin_assets/js/dropify.js ....................... ~ 0s
  2025-09-18 19:43:22 /admin_assets/js/pickr.js ......................... ~ 0s
  2025-09-18 19:43:22 /admin_assets/js/flatpickr.js ..................... ~ 0s
  2025-09-18 19:53:40 ................................................... ~ 0s
  2025-09-18 19:53:40 ................................................... ~ 0s
  2025-09-18 19:53:40 /admin_assets/vendors/sweetalert2/sweetalert2.min.css  ~ 0s
  2025-09-18 19:53:40 /assets-home/images/logo/logo.png ................. ~ 0s
  2025-09-18 19:53:40 /assets/img/mothersolution.png .................... ~ 0s
  2025-09-18 19:53:40 /assets/favicon.png ............................... ~ 0s
  2025-09-18 19:53:40 /admin_assets/vendors/sweetalert2/sweetalert2.min.js  ~ 0s
  2025-09-18 19:53:40 /admin_assets/js/sweet-alert.js ................... ~ 0s
  2025-09-18 19:53:40 /admin_assets/js/main.js .......................... ~ 0s
  2025-09-18 19:54:03 ................................................... ~ 1s
  2025-09-18 19:54:03 /admin_assets/vendors/sweetalert2/sweetalert2.min.css  ~ 1s
  2025-09-18 19:54:04 /assets-home/images/logo/logo.png ................. ~ 0s
  2025-09-18 19:54:04 /assets/img/mothersolution.png .................... ~ 0s
  2025-09-18 19:54:04 /admin_assets/vendors/sweetalert2/sweetalert2.min.js  ~ 0s
  2025-09-18 19:54:04 /admin_assets/js/sweet-alert.js ................... ~ 0s
  2025-09-18 19:54:04 /admin_assets/js/main.js .......................... ~ 0s
  2025-09-18 19:58:42 ................................................... ~ 1s
  2025-09-18 21:07:25 ................................................... ~ 0s
  2025-09-18 21:08:26 ................................................... ~ 0s
  2025-09-18 21:25:34 ................................................... ~ 0s
  2025-09-18 21:26:01 ................................................... ~ 0s
  2025-09-18 21:56:52 ................................................... ~ 0s
  2025-09-18 21:56:52 ................................................... ~ 0s
  2025-09-18 21:56:53 /assets-home/images/logo/logo-black.png ........... ~ 0s
  2025-09-18 21:56:53 /admin_assets/js/main.js .......................... ~ 0s
  2025-09-18 21:56:53 /assets/images/razorpay-bg-visual-1.3x.jpeg ....... ~ 0s
  2025-09-18 21:56:53 /admin_assets/js/sweet-alert.js ................... ~ 0s
  2025-09-18 21:57:09 ................................................... ~ 0s
  2025-09-18 21:57:09 ................................................... ~ 1s
  2025-09-18 21:57:10 /assets-home/images/logo/logo-black.png ........... ~ 0s
  2025-09-18 21:57:10 /admin_assets/js/main.js .......................... ~ 0s
  2025-09-18 21:57:10 /admin_assets/js/sweet-alert.js ................... ~ 0s
  2025-09-18 21:57:10 /assets/images/razorpay-bg-visual-1.3x.jpeg ....... ~ 0s
  2025-09-18 21:57:16 ................................................... ~ 1s
  2025-09-18 21:57:25 ................................................... ~ 0s
  2025-09-18 21:57:26 ................................................... ~ 0s
  2025-09-18 21:57:26 ................................................... ~ 1s
  2025-09-18 21:57:27 /admin_assets/vendors/core/core.css ............... ~ 1s
  2025-09-18 21:57:27 /admin_assets/vendors/datatables.net-bs5/dataTables.bootstrap5.css  ~ 1s
  2025-09-18 21:57:27 /admin_assets/vendors/flatpickr/flatpickr.min.css . ~ 1s
  2025-09-18 21:57:27 /admin_assets/vendors/sweetalert2/sweetalert2.min.css  ~ 1s
  2025-09-18 21:57:28 /admin_assets/vendors/pickr/themes/classic.min.css  ~ 0s
  2025-09-18 21:57:28 /admin_assets/fonts/feather-font/css/iconfont.css . ~ 0s
  2025-09-18 21:57:28 /admin_assets/vendors/flag-icon-css/css/flag-icon.min.css  ~ 0s
  2025-09-18 21:57:28 /admin_assets/vendors/select2/select2.min.css ..... ~ 0s
  2025-09-18 21:57:28 /admin_assets/vendors/jquery-tags-input/jquery.tagsinput.min.css  ~ 0s
  2025-09-18 21:57:28 /admin_assets/vendors/dropzone/dropzone.min.css ... ~ 0s
  2025-09-18 21:57:28 /admin_assets/vendors/dropify/dist/dropify.min.css  ~ 0s
  2025-09-18 21:57:28 /admin_assets/vendors/font-awesome/css/font-awesome.min.css  ~ 0s
  2025-09-18 21:57:28 /admin_assets/css/demo1/style.css ................. ~ 0s
  2025-09-18 21:57:28 /admin_assets/vendors/core/core.js ................ ~ 0s
  2025-09-18 21:57:28 /assets-home/images/logo/logo.jpeg ................ ~ 0s
  2025-09-18 21:57:28 /admin_assets/vendors/flatpickr/flatpickr.min.js .. ~ 0s
  2025-09-18 21:57:28 /admin_assets/vendors/apexcharts/apexcharts.min.js  ~ 0s
  2025-09-18 21:57:28 /admin_assets/vendors/datatables.net-bs5/dataTables.bootstrap5.js  ~ 0s
  2025-09-18 21:57:28 /admin_assets/vendors/select2/select2.min.js ...... ~ 0s
  2025-09-18 21:57:28 /admin_assets/vendors/datatables.net/jquery.dataTables.js  ~ 0s
  2025-09-18 21:57:28 /admin_assets/vendors/inputmask/jquery.inputmask.min.js  ~ 0s
  2025-09-18 21:57:28 /admin_assets/vendors/typeahead.js/typeahead.bundle.min.js  ~ 0s
  2025-09-18 21:57:28 /admin_assets/vendors/jquery-tags-input/jquery.tagsinput.min.js  ~ 0s
  2025-09-18 21:57:28 /admin_assets/vendors/dropzone/dropzone.min.js .... ~ 0s
  2025-09-18 21:57:28 /admin_assets/vendors/dropify/dist/dropify.min.js . ~ 0s
  2025-09-18 21:57:28 /admin_assets/vendors/pickr/pickr.min.js .......... ~ 0s
  2025-09-18 21:57:28 /admin_assets/vendors/moment/moment.min.js ........ ~ 0s
  2025-09-18 21:57:28 /admin_assets/vendors/feather-icons/feather.min.js  ~ 0s
  2025-09-18 21:57:28 /admin_assets/js/template.js ...................... ~ 0s
  2025-09-18 21:57:28 /admin_assets/js/main.js .......................... ~ 0s
  2025-09-18 21:57:28 /admin_assets/js/sweet-alert.js ................... ~ 0s
  2025-09-18 21:57:28 /admin_assets/vendors/sweetalert2/sweetalert2.min.js  ~ 0s
  2025-09-18 21:57:28 /admin_assets/js/jquery.validate.min.js ........... ~ 0s
  2025-09-18 21:57:28 /admin_assets/js/data-table.js .................... ~ 0s
  2025-09-18 21:57:28 /admin_assets/js/inputmask.js ..................... ~ 0s
  2025-09-18 21:57:28 /assets/img/mothersolution.png .................... ~ 0s
  2025-09-18 21:57:29 /admin_assets/js/select2.js ....................... ~ 0s
  2025-09-18 21:57:29 /admin_assets/js/typeahead.js ..................... ~ 0s
  2025-09-18 21:57:29 /admin_assets/js/tags-input.js .................... ~ 0s
  2025-09-18 21:57:29 /admin_assets/js/dropzone.js ...................... ~ 0s
  2025-09-18 21:57:29 /admin_assets/js/dropify.js ....................... ~ 0s
  2025-09-18 21:57:29 /admin_assets/js/pickr.js ......................... ~ 0s
  2025-09-18 21:57:29 /admin_assets/js/flatpickr.js ..................... ~ 0s
  2025-09-18 21:57:36 ................................................... ~ 1s
  2025-09-18 21:57:37 /admin_assets/vendors/core/core.css ............... ~ 0s
  2025-09-18 21:57:37 /admin_assets/vendors/datatables.net-bs5/dataTables.bootstrap5.css  ~ 0s
  2025-09-18 21:57:37 /admin_assets/vendors/flatpickr/flatpickr.min.css . ~ 0s
  2025-09-18 21:57:37 /admin_assets/vendors/sweetalert2/sweetalert2.min.css  ~ 0s
  2025-09-18 21:57:37 /admin_assets/vendors/pickr/themes/classic.min.css  ~ 0s
  2025-09-18 21:57:37 /admin_assets/fonts/feather-font/css/iconfont.css . ~ 0s
  2025-09-18 21:57:37 /admin_assets/vendors/flag-icon-css/css/flag-icon.min.css  ~ 0s
  2025-09-18 21:57:37 /admin_assets/vendors/select2/select2.min.css ..... ~ 0s
  2025-09-18 21:57:37 /admin_assets/vendors/jquery-tags-input/jquery.tagsinput.min.css  ~ 0s
  2025-09-18 21:57:37 /admin_assets/vendors/dropzone/dropzone.min.css ... ~ 0s
  2025-09-18 21:57:37 /admin_assets/vendors/dropify/dist/dropify.min.css  ~ 0s
  2025-09-18 21:57:37 /admin_assets/vendors/font-awesome/css/font-awesome.min.css  ~ 0s
  2025-09-18 21:57:37 /admin_assets/css/demo1/style.css ................. ~ 0s
  2025-09-18 21:57:37 /admin_assets/vendors/core/core.js ................ ~ 0s
  2025-09-18 21:57:37 /assets-home/images/logo/logo.jpeg ................ ~ 0s
  2025-09-18 21:57:37 /assets/img/mothersolution.png .................... ~ 0s
  2025-09-18 21:57:37 /admin_assets/vendors/flatpickr/flatpickr.min.js .. ~ 0s
  2025-09-18 21:57:37 /admin_assets/vendors/apexcharts/apexcharts.min.js  ~ 0s
  2025-09-18 21:57:37 /admin_assets/vendors/datatables.net/jquery.dataTables.js  ~ 0s
  2025-09-18 21:57:38 /admin_assets/vendors/datatables.net-bs5/dataTables.bootstrap5.js  ~ 0s
  2025-09-18 21:57:38 /admin_assets/vendors/select2/select2.min.js ...... ~ 0s
  2025-09-18 21:57:38 /admin_assets/vendors/inputmask/jquery.inputmask.min.js  ~ 0s
  2025-09-18 21:57:38 /admin_assets/vendors/typeahead.js/typeahead.bundle.min.js  ~ 0s
  2025-09-18 21:57:38 /admin_assets/vendors/jquery-tags-input/jquery.tagsinput.min.js  ~ 0s
  2025-09-18 21:57:38 /admin_assets/vendors/dropzone/dropzone.min.js .... ~ 0s
  2025-09-18 21:57:38 /admin_assets/vendors/dropify/dist/dropify.min.js . ~ 0s
  2025-09-18 21:57:38 /admin_assets/vendors/pickr/pickr.min.js .......... ~ 0s
  2025-09-18 21:57:38 /admin_assets/vendors/moment/moment.min.js ........ ~ 0s
  2025-09-18 21:57:38 /admin_assets/vendors/feather-icons/feather.min.js  ~ 0s
  2025-09-18 21:57:38 /admin_assets/js/template.js ...................... ~ 0s
  2025-09-18 21:57:38 /admin_assets/js/main.js .......................... ~ 0s
  2025-09-18 21:57:38 /admin_assets/js/sweet-alert.js ................... ~ 0s
  2025-09-18 21:57:38 /admin_assets/vendors/sweetalert2/sweetalert2.min.js  ~ 0s
  2025-09-18 21:57:38 /admin_assets/js/jquery.validate.min.js ........... ~ 0s
  2025-09-18 21:57:38 /admin_assets/js/data-table.js .................... ~ 0s
  2025-09-18 21:57:38 /admin_assets/js/inputmask.js ..................... ~ 0s
  2025-09-18 21:57:38 /admin_assets/js/select2.js ....................... ~ 0s
  2025-09-18 21:57:38 /admin_assets/js/typeahead.js ..................... ~ 0s
  2025-09-18 21:57:38 /admin_assets/js/tags-input.js .................... ~ 0s
  2025-09-18 21:57:38 /admin_assets/js/dropzone.js ...................... ~ 0s
  2025-09-18 21:57:38 /admin_assets/js/dropify.js ....................... ~ 0s
  2025-09-18 21:57:38 /admin_assets/js/pickr.js ......................... ~ 0s
  2025-09-18 21:57:38 /admin_assets/js/flatpickr.js ..................... ~ 0s
  2025-09-18 21:57:40 ................................................... ~ 0s
  2025-09-18 21:57:40 ................................................... ~ 1s
  2025-09-18 21:57:41 /admin_assets/vendors/sweetalert2/sweetalert2.min.css  ~ 0s
  2025-09-18 21:57:41 /assets-home/images/logo/logo.png ................. ~ 0s
  2025-09-18 21:57:41 /assets/favicon.png ............................... ~ 0s
  2025-09-18 21:57:41 /assets/img/mothersolution.png .................... ~ 0s
  2025-09-18 21:57:41 /admin_assets/vendors/sweetalert2/sweetalert2.min.js  ~ 0s
  2025-09-18 21:57:41 /admin_assets/js/sweet-alert.js ................... ~ 0s
  2025-09-18 21:57:42 /admin_assets/js/main.js .......................... ~ 0s
   WARN  127.0.0.1:57489 [200]: HEAD /assets-home/images/logo/logo.jpeg.  

  2025-09-18 22:06:04 ................................................... ~ 0s
  2025-09-18 23:24:54 ................................................... ~ 1s
  2025-09-18 23:24:54 /assets-home/images/logo/logo-black.png ........... ~ 1s
  2025-09-18 23:24:55 /admin_assets/js/main.js .......................... ~ 0s
  2025-09-18 23:24:55 /admin_assets/js/sweet-alert.js ................... ~ 0s
  2025-09-18 23:24:56 /assets/images/razorpay-bg-visual-1.3x.jpeg ....... ~ 0s
  2025-09-18 23:24:56 /assets-home/images/logo/logo.jpeg ................ ~ 0s
  2025-09-18 23:24:58 ................................................... ~ 0s
  2025-09-18 23:24:58 /admin_assets/vendors/sweetalert2/sweetalert2.min.css  ~ 1s
  2025-09-18 23:24:59 /assets-home/images/logo/logo.png ................. ~ 0s
  2025-09-18 23:24:59 /assets/img/mothersolution.png .................... ~ 0s
  2025-09-18 23:24:59 /assets-home/images/logo/logo.jpeg ................ ~ 0s
  2025-09-18 23:24:59 /admin_assets/vendors/sweetalert2/sweetalert2.min.js  ~ 0s
  2025-09-18 23:24:59 /admin_assets/js/sweet-alert.js ................... ~ 0s
  2025-09-18 23:24:59 /admin_assets/js/main.js .......................... ~ 0s
  2025-09-18 23:25:00 /assets-home/images/logo/logo.jpeg ................ ~ 0s
  2025-09-18 23:25:15 ................................................... ~ 0s
  2025-09-18 23:25:15 /admin_assets/vendors/core/core.css ............... ~ 0s
  2025-09-18 23:25:15 /admin_assets/vendors/datatables.net-bs5/dataTables.bootstrap5.css  ~ 0s
  2025-09-18 23:25:15 /admin_assets/vendors/flatpickr/flatpickr.min.css . ~ 0s
  2025-09-18 23:25:15 /admin_assets/vendors/sweetalert2/sweetalert2.min.css  ~ 0s
  2025-09-18 23:25:15 /admin_assets/vendors/pickr/themes/classic.min.css  ~ 0s
  2025-09-18 23:25:15 /admin_assets/fonts/feather-font/css/iconfont.css . ~ 0s
  2025-09-18 23:25:15 /admin_assets/vendors/flag-icon-css/css/flag-icon.min.css  ~ 0s
  2025-09-18 23:25:15 /admin_assets/vendors/select2/select2.min.css ..... ~ 0s
  2025-09-18 23:25:15 /admin_assets/vendors/jquery-tags-input/jquery.tagsinput.min.css  ~ 0s
  2025-09-18 23:25:15 /admin_assets/vendors/dropzone/dropzone.min.css ... ~ 0s
  2025-09-18 23:25:15 /admin_assets/vendors/dropify/dist/dropify.min.css  ~ 0s
  2025-09-18 23:25:15 /admin_assets/vendors/font-awesome/css/font-awesome.min.css  ~ 0s
  2025-09-18 23:25:15 /admin_assets/css/demo1/style.css ................. ~ 0s
  2025-09-18 23:25:15 /admin_assets/vendors/core/core.js ................ ~ 0s
  2025-09-18 23:25:15 /assets-home/images/logo/logo.jpeg ................ ~ 0s
  2025-09-18 23:25:15 /admin_assets/vendors/flatpickr/flatpickr.min.js .. ~ 0s
  2025-09-18 23:25:15 /assets/img/mothersolution.png .................... ~ 0s
  2025-09-18 23:25:15 /admin_assets/vendors/apexcharts/apexcharts.min.js  ~ 0s
  2025-09-18 23:25:15 /admin_assets/vendors/datatables.net-bs5/dataTables.bootstrap5.js  ~ 0s
  2025-09-18 23:25:15 /admin_assets/vendors/datatables.net/jquery.dataTables.js  ~ 0s
  2025-09-18 23:25:15 /admin_assets/vendors/select2/select2.min.js ...... ~ 0s
  2025-09-18 23:25:15 /admin_assets/vendors/inputmask/jquery.inputmask.min.js  ~ 0s
  2025-09-18 23:25:15 /admin_assets/vendors/typeahead.js/typeahead.bundle.min.js  ~ 0s
  2025-09-18 23:25:15 /admin_assets/vendors/jquery-tags-input/jquery.tagsinput.min.js  ~ 0s
  2025-09-18 23:25:15 /admin_assets/vendors/dropzone/dropzone.min.js .... ~ 0s
  2025-09-18 23:25:15 /admin_assets/vendors/dropify/dist/dropify.min.js . ~ 0s
  2025-09-18 23:25:15 /admin_assets/vendors/pickr/pickr.min.js .......... ~ 0s
  2025-09-18 23:25:16 /admin_assets/vendors/moment/moment.min.js ........ ~ 0s
  2025-09-18 23:25:16 /admin_assets/vendors/feather-icons/feather.min.js  ~ 0s
  2025-09-18 23:25:16 /admin_assets/js/template.js ...................... ~ 0s
  2025-09-18 23:25:16 /admin_assets/js/main.js .......................... ~ 0s
  2025-09-18 23:25:16 /admin_assets/js/sweet-alert.js ................... ~ 0s
  2025-09-18 23:25:16 /admin_assets/vendors/sweetalert2/sweetalert2.min.js  ~ 0s
  2025-09-18 23:25:16 /admin_assets/js/jquery.validate.min.js ........... ~ 0s
  2025-09-18 23:25:16 /admin_assets/js/data-table.js .................... ~ 0s
  2025-09-18 23:25:16 /admin_assets/js/inputmask.js ..................... ~ 0s
  2025-09-18 23:25:16 /admin_assets/js/select2.js ....................... ~ 0s
  2025-09-18 23:25:16 /admin_assets/js/typeahead.js ..................... ~ 0s
  2025-09-18 23:25:16 /admin_assets/js/tags-input.js .................... ~ 0s
  2025-09-18 23:25:16 /admin_assets/js/dropzone.js ...................... ~ 0s
  2025-09-18 23:25:16 /admin_assets/js/dropify.js ....................... ~ 0s
  2025-09-18 23:25:16 /admin_assets/js/pickr.js ......................... ~ 0s
  2025-09-18 23:25:16 /admin_assets/js/flatpickr.js ..................... ~ 0s
  2025-09-18 23:25:22 ................................................... ~ 0s
  2025-09-18 23:25:22 /admin_assets/vendors/core/core.css ............... ~ 1s
  2025-09-18 23:25:23 /admin_assets/vendors/datatables.net-bs5/dataTables.bootstrap5.css  ~ 0s
  2025-09-18 23:25:23 /admin_assets/vendors/flatpickr/flatpickr.min.css . ~ 0s
  2025-09-18 23:25:23 /admin_assets/vendors/sweetalert2/sweetalert2.min.css  ~ 0s
  2025-09-18 23:25:23 /admin_assets/vendors/pickr/themes/classic.min.css  ~ 0s
  2025-09-18 23:25:23 /admin_assets/fonts/feather-font/css/iconfont.css . ~ 0s
  2025-09-18 23:25:23 /admin_assets/vendors/flag-icon-css/css/flag-icon.min.css  ~ 0s
  2025-09-18 23:25:23 /admin_assets/vendors/select2/select2.min.css ..... ~ 0s
  2025-09-18 23:25:23 /admin_assets/vendors/jquery-tags-input/jquery.tagsinput.min.css  ~ 0s
  2025-09-18 23:25:23 /admin_assets/vendors/dropzone/dropzone.min.css ... ~ 0s
  2025-09-18 23:25:23 /admin_assets/vendors/dropify/dist/dropify.min.css  ~ 0s
  2025-09-18 23:25:23 /admin_assets/vendors/font-awesome/css/font-awesome.min.css  ~ 0s
  2025-09-18 23:25:23 /admin_assets/css/demo1/style.css ................. ~ 0s
  2025-09-18 23:25:23 /admin_assets/vendors/core/core.js ................ ~ 0s
  2025-09-18 23:25:23 /assets-home/images/logo/logo.jpeg ................ ~ 0s
  2025-09-18 23:25:23 /assets/img/mothersolution.png .................... ~ 0s
  2025-09-18 23:25:23 /admin_assets/vendors/flatpickr/flatpickr.min.js .. ~ 0s
  2025-09-18 23:25:23 /admin_assets/vendors/apexcharts/apexcharts.min.js  ~ 0s
  2025-09-18 23:25:23 /admin_assets/vendors/datatables.net/jquery.dataTables.js  ~ 0s
  2025-09-18 23:25:23 /admin_assets/vendors/datatables.net-bs5/dataTables.bootstrap5.js  ~ 0s
  2025-09-18 23:25:23 /admin_assets/vendors/select2/select2.min.js ...... ~ 0s
  2025-09-18 23:25:23 /admin_assets/vendors/inputmask/jquery.inputmask.min.js  ~ 0s
  2025-09-18 23:25:23 /admin_assets/vendors/typeahead.js/typeahead.bundle.min.js  ~ 0s
  2025-09-18 23:25:23 /admin_assets/vendors/jquery-tags-input/jquery.tagsinput.min.js  ~ 0s
  2025-09-18 23:25:23 /admin_assets/vendors/dropzone/dropzone.min.js .... ~ 0s
  2025-09-18 23:25:23 /admin_assets/vendors/dropify/dist/dropify.min.js . ~ 0s
  2025-09-18 23:25:23 /admin_assets/vendors/pickr/pickr.min.js .......... ~ 0s
  2025-09-18 23:25:23 /admin_assets/vendors/moment/moment.min.js ........ ~ 0s
  2025-09-18 23:25:23 /admin_assets/vendors/feather-icons/feather.min.js  ~ 0s
  2025-09-18 23:25:23 /admin_assets/js/template.js ...................... ~ 0s
  2025-09-18 23:25:23 /admin_assets/js/main.js .......................... ~ 0s
  2025-09-18 23:25:23 /admin_assets/js/sweet-alert.js ................... ~ 0s
  2025-09-18 23:25:23 /admin_assets/vendors/sweetalert2/sweetalert2.min.js  ~ 0s
  2025-09-18 23:25:23 /admin_assets/js/jquery.validate.min.js ........... ~ 0s
  2025-09-18 23:25:23 /admin_assets/js/data-table.js .................... ~ 0s
  2025-09-18 23:25:23 /admin_assets/js/inputmask.js ..................... ~ 0s
  2025-09-18 23:25:23 /admin_assets/js/select2.js ....................... ~ 0s
  2025-09-18 23:25:23 /admin_assets/js/typeahead.js ..................... ~ 0s
  2025-09-18 23:25:23 /admin_assets/js/tags-input.js .................... ~ 0s
  2025-09-18 23:25:23 /admin_assets/js/dropzone.js ...................... ~ 0s
  2025-09-18 23:25:23 /admin_assets/js/dropify.js ....................... ~ 0s
  2025-09-18 23:25:23 /admin_assets/js/pickr.js ......................... ~ 0s
  2025-09-18 23:25:23 /admin_assets/js/flatpickr.js ..................... ~ 0s
  2025-09-18 23:25:27 ................................................... ~ 1s
  2025-09-18 23:25:27 /admin_assets/vendors/core/core.css ............... ~ 2s
  2025-09-18 23:25:29 /admin_assets/vendors/datatables.net-bs5/dataTables.bootstrap5.css  ~ 0s
  2025-09-18 23:25:29 /admin_assets/vendors/flatpickr/flatpickr.min.css . ~ 0s
  2025-09-18 23:25:29 /admin_assets/vendors/sweetalert2/sweetalert2.min.css  ~ 0s
  2025-09-18 23:25:29 /admin_assets/vendors/pickr/themes/classic.min.css  ~ 0s
  2025-09-18 23:25:29 /admin_assets/fonts/feather-font/css/iconfont.css . ~ 0s
  2025-09-18 23:25:29 /admin_assets/vendors/flag-icon-css/css/flag-icon.min.css  ~ 0s
  2025-09-18 23:25:29 /admin_assets/vendors/select2/select2.min.css ..... ~ 0s
  2025-09-18 23:25:29 /admin_assets/vendors/jquery-tags-input/jquery.tagsinput.min.css  ~ 0s
  2025-09-18 23:25:29 /admin_assets/vendors/dropzone/dropzone.min.css ... ~ 0s
  2025-09-18 23:25:29 /admin_assets/vendors/dropify/dist/dropify.min.css  ~ 0s
  2025-09-18 23:25:29 /admin_assets/vendors/font-awesome/css/font-awesome.min.css  ~ 0s
  2025-09-18 23:25:29 /admin_assets/css/demo1/style.css ................. ~ 0s
  2025-09-18 23:25:29 /admin_assets/vendors/core/core.js ................ ~ 0s
  2025-09-18 23:25:29 /assets-home/images/logo/logo.jpeg ................ ~ 0s
  2025-09-18 23:25:29 /assets/img/mothersolution.png .................... ~ 0s
  2025-09-18 23:25:29 /admin_assets/vendors/flatpickr/flatpickr.min.js .. ~ 0s
  2025-09-18 23:25:29 /admin_assets/vendors/apexcharts/apexcharts.min.js  ~ 0s
  2025-09-18 23:25:29 /admin_assets/vendors/datatables.net/jquery.dataTables.js  ~ 0s
  2025-09-18 23:25:29 /admin_assets/vendors/datatables.net-bs5/dataTables.bootstrap5.js  ~ 0s
  2025-09-18 23:25:29 /admin_assets/vendors/select2/select2.min.js ...... ~ 0s
  2025-09-18 23:25:29 /admin_assets/vendors/inputmask/jquery.inputmask.min.js  ~ 0s
  2025-09-18 23:25:29 /admin_assets/vendors/typeahead.js/typeahead.bundle.min.js  ~ 0s
  2025-09-18 23:25:29 /admin_assets/vendors/jquery-tags-input/jquery.tagsinput.min.js  ~ 0s
  2025-09-18 23:25:29 /admin_assets/vendors/dropzone/dropzone.min.js .... ~ 0s
  2025-09-18 23:25:29 /admin_assets/vendors/dropify/dist/dropify.min.js . ~ 0s
  2025-09-18 23:25:29 /admin_assets/vendors/pickr/pickr.min.js .......... ~ 0s
  2025-09-18 23:25:29 /admin_assets/vendors/moment/moment.min.js ........ ~ 0s
  2025-09-18 23:25:29 /admin_assets/vendors/feather-icons/feather.min.js  ~ 0s
  2025-09-18 23:25:29 /admin_assets/js/template.js ...................... ~ 0s
  2025-09-18 23:25:29 /admin_assets/js/main.js .......................... ~ 0s
  2025-09-18 23:25:29 /admin_assets/js/sweet-alert.js ................... ~ 0s
  2025-09-18 23:25:29 /admin_assets/vendors/sweetalert2/sweetalert2.min.js  ~ 0s
  2025-09-18 23:25:29 /admin_assets/js/jquery.validate.min.js ........... ~ 0s
  2025-09-18 23:25:29 /admin_assets/js/data-table.js .................... ~ 0s
  2025-09-18 23:25:29 /admin_assets/js/inputmask.js ..................... ~ 0s
  2025-09-18 23:25:29 /admin_assets/js/select2.js ....................... ~ 0s
  2025-09-18 23:25:29 /admin_assets/js/typeahead.js ..................... ~ 0s
  2025-09-18 23:25:29 /admin_assets/js/tags-input.js .................... ~ 0s
  2025-09-18 23:25:29 /admin_assets/js/dropzone.js ...................... ~ 0s
  2025-09-18 23:25:29 /admin_assets/js/dropify.js ....................... ~ 0s
  2025-09-18 23:25:29 /admin_assets/js/pickr.js ......................... ~ 0s
  2025-09-18 23:25:29 /admin_assets/js/flatpickr.js ..................... ~ 0s
  2025-09-18 23:25:30 /assets-home/images/logo/logo.jpeg ................ ~ 0s
  2025-09-18 23:25:32 ................................................... ~ 1s
  2025-09-18 23:25:33 ................................................... ~ 2s
  2025-09-18 23:25:36 /favicon.ico ...................................... ~ 0s
  2025-09-18 23:26:57 ................................................... ~ 0s
  2025-09-18 23:30:20 ................................................... ~ 0s
  2025-09-18 23:30:20 /admin_assets/vendors/core/core.css ............... ~ 0s
  2025-09-18 23:30:20 /admin_assets/vendors/datatables.net-bs5/dataTables.bootstrap5.css  ~ 0s
  2025-09-18 23:30:20 /admin_assets/vendors/pickr/themes/classic.min.css  ~ 0s
  2025-09-18 23:30:20 /admin_assets/vendors/flatpickr/flatpickr.min.css . ~ 0s
  2025-09-18 23:30:20 /admin_assets/fonts/feather-font/css/iconfont.css . ~ 0s
  2025-09-18 23:30:20 /admin_assets/vendors/sweetalert2/sweetalert2.min.css  ~ 0s
  2025-09-18 23:30:20 /admin_assets/vendors/flag-icon-css/css/flag-icon.min.css  ~ 1s
  2025-09-18 23:30:20 /admin_assets/vendors/select2/select2.min.css ..... ~ 1s
  2025-09-18 23:30:20 /admin_assets/vendors/jquery-tags-input/jquery.tagsinput.min.css  ~ 1s
  2025-09-18 23:30:20 /admin_assets/vendors/dropzone/dropzone.min.css ... ~ 1s
  2025-09-18 23:30:21 /admin_assets/vendors/dropify/dist/dropify.min.css  ~ 0s
  2025-09-18 23:30:21 /admin_assets/vendors/font-awesome/css/font-awesome.min.css  ~ 0s
  2025-09-18 23:30:21 /admin_assets/css/demo1/style.css ................. ~ 0s
  2025-09-18 23:30:21 /admin_assets/vendors/core/core.js ................ ~ 0s
  2025-09-18 23:30:21 /assets-home/images/logo/logo.jpeg ................ ~ 0s
  2025-09-18 23:30:21 /assets/img/mothersolution.png .................... ~ 0s
  2025-09-18 23:30:21 /admin_assets/vendors/flatpickr/flatpickr.min.js .. ~ 0s
  2025-09-18 23:30:21 /admin_assets/vendors/apexcharts/apexcharts.min.js  ~ 0s
  2025-09-18 23:30:21 /admin_assets/vendors/datatables.net-bs5/dataTables.bootstrap5.js  ~ 0s
  2025-09-18 23:30:21 /admin_assets/vendors/select2/select2.min.js ...... ~ 0s
  2025-09-18 23:30:21 /admin_assets/vendors/datatables.net/jquery.dataTables.js  ~ 0s
  2025-09-18 23:30:21 /admin_assets/vendors/inputmask/jquery.inputmask.min.js  ~ 0s
  2025-09-18 23:30:21 /admin_assets/vendors/typeahead.js/typeahead.bundle.min.js  ~ 0s
  2025-09-18 23:30:21 /admin_assets/vendors/jquery-tags-input/jquery.tagsinput.min.js  ~ 0s
  2025-09-18 23:30:21 /admin_assets/vendors/dropzone/dropzone.min.js .... ~ 0s
  2025-09-18 23:30:21 /admin_assets/vendors/dropify/dist/dropify.min.js . ~ 0s
  2025-09-18 23:30:21 /admin_assets/vendors/pickr/pickr.min.js .......... ~ 0s
  2025-09-18 23:30:21 /admin_assets/vendors/moment/moment.min.js ........ ~ 0s
  2025-09-18 23:30:21 /admin_assets/vendors/feather-icons/feather.min.js  ~ 0s
  2025-09-18 23:30:21 /admin_assets/js/template.js ...................... ~ 0s
  2025-09-18 23:30:21 /admin_assets/js/main.js .......................... ~ 0s
  2025-09-18 23:30:21 /admin_assets/js/sweet-alert.js ................... ~ 0s
  2025-09-18 23:30:21 /admin_assets/vendors/sweetalert2/sweetalert2.min.js  ~ 0s
  2025-09-18 23:30:21 /admin_assets/js/jquery.validate.min.js ........... ~ 0s
  2025-09-18 23:30:21 /admin_assets/js/data-table.js .................... ~ 0s
  2025-09-18 23:30:21 /admin_assets/js/inputmask.js ..................... ~ 0s
  2025-09-18 23:30:21 /admin_assets/js/select2.js ....................... ~ 0s
  2025-09-18 23:30:21 /admin_assets/js/typeahead.js ..................... ~ 0s
  2025-09-18 23:30:21 /admin_assets/js/tags-input.js .................... ~ 0s
  2025-09-18 23:30:21 /admin_assets/js/dropzone.js ...................... ~ 0s
  2025-09-18 23:30:21 /admin_assets/js/dropify.js ....................... ~ 0s
  2025-09-18 23:30:21 /admin_assets/js/pickr.js ......................... ~ 0s
  2025-09-18 23:30:21 /admin_assets/js/flatpickr.js ..................... ~ 0s
  2025-09-18 23:30:22 /assets-home/images/logo/logo.jpeg ................ ~ 0s
  2025-09-18 23:30:24 ................................................... ~ 0s
  2025-09-18 23:30:24 /admin_assets/vendors/core/core.css ............... ~ 1s
  2025-09-18 23:30:25 /admin_assets/vendors/datatables.net-bs5/dataTables.bootstrap5.css  ~ 0s
  2025-09-18 23:30:25 /admin_assets/vendors/flatpickr/flatpickr.min.css . ~ 0s
  2025-09-18 23:30:25 /admin_assets/vendors/sweetalert2/sweetalert2.min.css  ~ 0s
  2025-09-18 23:30:25 /admin_assets/vendors/pickr/themes/classic.min.css  ~ 0s
  2025-09-18 23:30:25 /admin_assets/fonts/feather-font/css/iconfont.css . ~ 0s
  2025-09-18 23:30:25 /admin_assets/vendors/flag-icon-css/css/flag-icon.min.css  ~ 0s
  2025-09-18 23:30:25 /admin_assets/vendors/select2/select2.min.css ..... ~ 0s
  2025-09-18 23:30:25 /admin_assets/vendors/jquery-tags-input/jquery.tagsinput.min.css  ~ 0s
  2025-09-18 23:30:25 /admin_assets/vendors/dropzone/dropzone.min.css ... ~ 0s
  2025-09-18 23:30:25 /admin_assets/vendors/dropify/dist/dropify.min.css  ~ 0s
  2025-09-18 23:30:25 /admin_assets/vendors/font-awesome/css/font-awesome.min.css  ~ 0s
  2025-09-18 23:30:25 /admin_assets/css/demo1/style.css ................. ~ 0s
  2025-09-18 23:30:25 /assets-home/images/logo/logo.jpeg ................ ~ 0s
  2025-09-18 23:30:25 /admin_assets/vendors/core/core.js ................ ~ 0s
  2025-09-18 23:30:25 /assets/img/mothersolution.png .................... ~ 0s
  2025-09-18 23:30:25 /admin_assets/vendors/flatpickr/flatpickr.min.js .. ~ 0s
  2025-09-18 23:30:25 /admin_assets/vendors/apexcharts/apexcharts.min.js  ~ 0s
  2025-09-18 23:30:25 /admin_assets/vendors/datatables.net/jquery.dataTables.js  ~ 0s
  2025-09-18 23:30:25 /admin_assets/vendors/datatables.net-bs5/dataTables.bootstrap5.js  ~ 0s
  2025-09-18 23:30:25 /admin_assets/vendors/select2/select2.min.js ...... ~ 0s
  2025-09-18 23:30:25 /admin_assets/vendors/inputmask/jquery.inputmask.min.js  ~ 0s
  2025-09-18 23:30:25 /admin_assets/vendors/typeahead.js/typeahead.bundle.min.js  ~ 0s
  2025-09-18 23:30:25 /admin_assets/vendors/jquery-tags-input/jquery.tagsinput.min.js  ~ 0s
  2025-09-18 23:30:25 /admin_assets/vendors/dropzone/dropzone.min.js .... ~ 0s
  2025-09-18 23:30:25 /admin_assets/vendors/dropify/dist/dropify.min.js . ~ 0s
  2025-09-18 23:30:25 /admin_assets/vendors/pickr/pickr.min.js .......... ~ 0s
  2025-09-18 23:30:25 /admin_assets/vendors/moment/moment.min.js ........ ~ 0s
  2025-09-18 23:30:25 /admin_assets/vendors/feather-icons/feather.min.js  ~ 0s
  2025-09-18 23:30:25 /admin_assets/js/template.js ...................... ~ 0s
  2025-09-18 23:30:25 /admin_assets/js/main.js .......................... ~ 0s
  2025-09-18 23:30:25 /admin_assets/js/sweet-alert.js ................... ~ 0s
  2025-09-18 23:30:25 /admin_assets/vendors/sweetalert2/sweetalert2.min.js  ~ 0s
  2025-09-18 23:30:25 /admin_assets/js/jquery.validate.min.js ........... ~ 0s
  2025-09-18 23:30:25 /admin_assets/js/data-table.js .................... ~ 0s
  2025-09-18 23:30:25 /admin_assets/js/inputmask.js ..................... ~ 0s
  2025-09-18 23:30:25 /admin_assets/js/select2.js ....................... ~ 0s
  2025-09-18 23:30:25 /admin_assets/js/typeahead.js ..................... ~ 0s
  2025-09-18 23:30:25 /admin_assets/js/tags-input.js .................... ~ 0s
  2025-09-18 23:30:25 /admin_assets/js/dropzone.js ...................... ~ 0s
  2025-09-18 23:30:25 /admin_assets/js/dropify.js ....................... ~ 0s
  2025-09-18 23:30:25 /admin_assets/js/pickr.js ......................... ~ 0s
  2025-09-18 23:30:25 /admin_assets/js/flatpickr.js ..................... ~ 0s
  2025-09-18 23:30:26 /assets-home/images/logo/logo.jpeg ................ ~ 0s
  2025-09-18 23:30:30 ................................................... ~ 1s
  2025-09-18 23:30:30 /admin_assets/vendors/core/core.css ............... ~ 1s
  2025-09-18 23:30:31 /admin_assets/vendors/datatables.net-bs5/dataTables.bootstrap5.css  ~ 0s
  2025-09-18 23:30:31 /admin_assets/vendors/flatpickr/flatpickr.min.css . ~ 0s
  2025-09-18 23:30:31 /admin_assets/vendors/sweetalert2/sweetalert2.min.css  ~ 0s
  2025-09-18 23:30:31 /admin_assets/vendors/pickr/themes/classic.min.css  ~ 0s
  2025-09-18 23:30:31 /admin_assets/fonts/feather-font/css/iconfont.css . ~ 0s
  2025-09-18 23:30:31 /admin_assets/vendors/flag-icon-css/css/flag-icon.min.css  ~ 0s
  2025-09-18 23:30:31 /admin_assets/vendors/select2/select2.min.css ..... ~ 0s
  2025-09-18 23:30:31 /admin_assets/vendors/jquery-tags-input/jquery.tagsinput.min.css  ~ 0s
  2025-09-18 23:30:31 /admin_assets/vendors/dropzone/dropzone.min.css ... ~ 0s
  2025-09-18 23:30:31 /admin_assets/vendors/dropify/dist/dropify.min.css  ~ 0s
  2025-09-18 23:30:31 /admin_assets/vendors/font-awesome/css/font-awesome.min.css  ~ 0s
  2025-09-18 23:30:31 /admin_assets/css/demo1/style.css ................. ~ 0s
  2025-09-18 23:30:31 /assets/img/mothersolution.png .................... ~ 0s
  2025-09-18 23:30:31 /admin_assets/vendors/core/core.js ................ ~ 0s
  2025-09-18 23:30:31 /admin_assets/vendors/flatpickr/flatpickr.min.js .. ~ 0s
  2025-09-18 23:30:31 /admin_assets/vendors/apexcharts/apexcharts.min.js  ~ 0s
  2025-09-18 23:30:31 /admin_assets/vendors/datatables.net/jquery.dataTables.js  ~ 0s
  2025-09-18 23:30:31 /admin_assets/vendors/datatables.net-bs5/dataTables.bootstrap5.js  ~ 0s
  2025-09-18 23:30:31 /admin_assets/vendors/select2/select2.min.js ...... ~ 0s
  2025-09-18 23:30:31 /admin_assets/vendors/inputmask/jquery.inputmask.min.js  ~ 0s
  2025-09-18 23:30:31 /admin_assets/vendors/typeahead.js/typeahead.bundle.min.js  ~ 0s
  2025-09-18 23:30:31 /admin_assets/vendors/jquery-tags-input/jquery.tagsinput.min.js  ~ 0s
  2025-09-18 23:30:31 /admin_assets/vendors/dropzone/dropzone.min.js .... ~ 0s
  2025-09-18 23:30:31 /admin_assets/vendors/dropify/dist/dropify.min.js . ~ 0s
  2025-09-18 23:30:31 /admin_assets/vendors/pickr/pickr.min.js .......... ~ 0s
  2025-09-18 23:30:31 /admin_assets/vendors/moment/moment.min.js ........ ~ 0s
  2025-09-18 23:30:31 /admin_assets/vendors/feather-icons/feather.min.js  ~ 0s
  2025-09-18 23:30:31 /admin_assets/js/template.js ...................... ~ 0s
  2025-09-18 23:30:31 /admin_assets/js/main.js .......................... ~ 0s
  2025-09-18 23:30:31 /admin_assets/js/sweet-alert.js ................... ~ 0s
  2025-09-18 23:30:31 /admin_assets/vendors/sweetalert2/sweetalert2.min.js  ~ 0s
  2025-09-18 23:30:31 /admin_assets/js/jquery.validate.min.js ........... ~ 0s
  2025-09-18 23:30:31 /admin_assets/js/data-table.js .................... ~ 0s
  2025-09-18 23:30:31 /admin_assets/js/inputmask.js ..................... ~ 0s
  2025-09-18 23:30:31 /admin_assets/js/select2.js ....................... ~ 0s
  2025-09-18 23:30:31 /admin_assets/js/typeahead.js ..................... ~ 0s
  2025-09-18 23:30:31 /admin_assets/js/tags-input.js .................... ~ 0s
  2025-09-18 23:30:31 /admin_assets/js/dropzone.js ...................... ~ 0s
  2025-09-18 23:30:31 /admin_assets/js/dropify.js ....................... ~ 0s
  2025-09-18 23:30:31 /admin_assets/js/pickr.js ......................... ~ 0s
  2025-09-18 23:30:31 /admin_assets/js/flatpickr.js ..................... ~ 0s
  2025-09-18 23:30:31 /assets-home/images/logo/logo.jpeg ................ ~ 0s
  2025-09-18 23:30:32 /assets-home/images/logo/logo.jpeg ................ ~ 0s
  2025-09-18 23:30:35 ................................................... ~ 0s
  2025-09-18 23:30:35 /admin_assets/vendors/core/core.css ............... ~ 0s
  2025-09-18 23:30:35 /admin_assets/vendors/datatables.net-bs5/dataTables.bootstrap5.css  ~ 0s
  2025-09-18 23:30:35 /admin_assets/vendors/flatpickr/flatpickr.min.css . ~ 0s
  2025-09-18 23:30:35 /admin_assets/vendors/sweetalert2/sweetalert2.min.css  ~ 0s
  2025-09-18 23:30:35 /admin_assets/vendors/pickr/themes/classic.min.css  ~ 0s
  2025-09-18 23:30:35 /admin_assets/fonts/feather-font/css/iconfont.css . ~ 0s
  2025-09-18 23:30:35 /admin_assets/vendors/flag-icon-css/css/flag-icon.min.css  ~ 0s
  2025-09-18 23:30:35 /admin_assets/vendors/select2/select2.min.css ..... ~ 0s
  2025-09-18 23:30:35 /admin_assets/vendors/jquery-tags-input/jquery.tagsinput.min.css  ~ 0s
  2025-09-18 23:30:35 /admin_assets/vendors/dropzone/dropzone.min.css ... ~ 0s
  2025-09-18 23:30:35 /admin_assets/vendors/dropify/dist/dropify.min.css  ~ 0s
  2025-09-18 23:30:35 /admin_assets/vendors/font-awesome/css/font-awesome.min.css  ~ 0s
  2025-09-18 23:30:35 /admin_assets/vendors/core/core.js ................ ~ 0s
  2025-09-18 23:30:35 /admin_assets/css/demo1/style.css ................. ~ 0s
  2025-09-18 23:30:35 /assets-home/images/logo/logo.jpeg ................ ~ 0s
  2025-09-18 23:30:35 /admin_assets/vendors/flatpickr/flatpickr.min.js .. ~ 0s
  2025-09-18 23:30:35 /assets/img/mothersolution.png .................... ~ 0s
  2025-09-18 23:30:35 /admin_assets/vendors/apexcharts/apexcharts.min.js  ~ 0s
  2025-09-18 23:30:35 /admin_assets/vendors/datatables.net-bs5/dataTables.bootstrap5.js  ~ 0s
  2025-09-18 23:30:35 /admin_assets/vendors/datatables.net/jquery.dataTables.js  ~ 0s
  2025-09-18 23:30:35 /admin_assets/vendors/select2/select2.min.js ...... ~ 0s
  2025-09-18 23:30:35 /admin_assets/vendors/inputmask/jquery.inputmask.min.js  ~ 0s
  2025-09-18 23:30:35 /admin_assets/vendors/typeahead.js/typeahead.bundle.min.js  ~ 0s
  2025-09-18 23:30:35 /admin_assets/vendors/jquery-tags-input/jquery.tagsinput.min.js  ~ 0s
  2025-09-18 23:30:35 /admin_assets/vendors/dropzone/dropzone.min.js .... ~ 0s
  2025-09-18 23:30:35 /admin_assets/vendors/dropify/dist/dropify.min.js . ~ 0s
  2025-09-18 23:30:35 /admin_assets/vendors/pickr/pickr.min.js .......... ~ 0s
  2025-09-18 23:30:35 /admin_assets/vendors/moment/moment.min.js ........ ~ 0s
  2025-09-18 23:30:35 /admin_assets/vendors/feather-icons/feather.min.js  ~ 0s
  2025-09-18 23:30:35 /admin_assets/js/template.js ...................... ~ 0s
  2025-09-18 23:30:35 /admin_assets/js/main.js .......................... ~ 0s
  2025-09-18 23:30:35 /admin_assets/js/sweet-alert.js ................... ~ 0s
  2025-09-18 23:30:35 /admin_assets/vendors/sweetalert2/sweetalert2.min.js  ~ 0s
  2025-09-18 23:30:35 /admin_assets/js/jquery.validate.min.js ........... ~ 0s
  2025-09-18 23:30:35 /admin_assets/js/data-table.js .................... ~ 0s
  2025-09-18 23:30:35 /admin_assets/js/inputmask.js ..................... ~ 0s
  2025-09-18 23:30:35 /admin_assets/js/select2.js ....................... ~ 0s
  2025-09-18 23:30:35 /admin_assets/js/typeahead.js ..................... ~ 0s
  2025-09-18 23:30:35 /admin_assets/js/tags-input.js .................... ~ 0s
  2025-09-18 23:30:35 /admin_assets/js/dropzone.js ...................... ~ 0s
  2025-09-18 23:30:35 /admin_assets/js/dropify.js ....................... ~ 0s
  2025-09-18 23:30:35 /admin_assets/js/pickr.js ......................... ~ 0s
  2025-09-18 23:30:36 /admin_assets/js/flatpickr.js ..................... ~ 0s
  2025-09-18 23:30:38 ................................................... ~ 0s
  2025-09-18 23:30:38 /admin_assets/vendors/core/core.css ............... ~ 0s
  2025-09-18 23:30:38 /admin_assets/vendors/datatables.net-bs5/dataTables.bootstrap5.css  ~ 0s
  2025-09-18 23:30:38 /admin_assets/vendors/flatpickr/flatpickr.min.css . ~ 0s
  2025-09-18 23:30:38 /admin_assets/vendors/sweetalert2/sweetalert2.min.css  ~ 0s
  2025-09-18 23:30:38 /admin_assets/vendors/pickr/themes/classic.min.css  ~ 0s
  2025-09-18 23:30:38 /admin_assets/fonts/feather-font/css/iconfont.css . ~ 0s
  2025-09-18 23:30:38 /admin_assets/vendors/flag-icon-css/css/flag-icon.min.css  ~ 0s
  2025-09-18 23:30:38 /admin_assets/vendors/select2/select2.min.css ..... ~ 0s
  2025-09-18 23:30:38 /admin_assets/vendors/jquery-tags-input/jquery.tagsinput.min.css  ~ 0s
  2025-09-18 23:30:38 /admin_assets/vendors/dropzone/dropzone.min.css ... ~ 0s
  2025-09-18 23:30:38 /admin_assets/vendors/dropify/dist/dropify.min.css  ~ 0s
  2025-09-18 23:30:38 /admin_assets/vendors/font-awesome/css/font-awesome.min.css  ~ 0s
  2025-09-18 23:30:38 /admin_assets/vendors/core/core.js ................ ~ 0s
  2025-09-18 23:30:38 /admin_assets/css/demo1/style.css ................. ~ 0s
  2025-09-18 23:30:38 /assets-home/images/logo/logo.jpeg ................ ~ 0s
  2025-09-18 23:30:38 /admin_assets/vendors/flatpickr/flatpickr.min.js .. ~ 0s
  2025-09-18 23:30:38 /assets/img/mothersolution.png .................... ~ 0s
  2025-09-18 23:30:38 /admin_assets/vendors/datatables.net-bs5/dataTables.bootstrap5.js  ~ 0s
  2025-09-18 23:30:38 /admin_assets/vendors/apexcharts/apexcharts.min.js  ~ 0s
  2025-09-18 23:30:38 /admin_assets/vendors/select2/select2.min.js ...... ~ 0s
  2025-09-18 23:30:38 /admin_assets/vendors/datatables.net/jquery.dataTables.js  ~ 0s
  2025-09-18 23:30:38 /admin_assets/vendors/inputmask/jquery.inputmask.min.js  ~ 0s
  2025-09-18 23:30:38 /admin_assets/vendors/typeahead.js/typeahead.bundle.min.js  ~ 0s
  2025-09-18 23:30:38 /admin_assets/vendors/jquery-tags-input/jquery.tagsinput.min.js  ~ 0s
  2025-09-18 23:30:38 /admin_assets/vendors/dropzone/dropzone.min.js .... ~ 0s
  2025-09-18 23:30:38 /admin_assets/vendors/dropify/dist/dropify.min.js . ~ 0s
  2025-09-18 23:30:38 /admin_assets/vendors/pickr/pickr.min.js .......... ~ 0s
  2025-09-18 23:30:38 /admin_assets/vendors/moment/moment.min.js ........ ~ 0s
  2025-09-18 23:30:38 /admin_assets/vendors/feather-icons/feather.min.js  ~ 0s
  2025-09-18 23:30:38 /admin_assets/js/template.js ...................... ~ 0s
  2025-09-18 23:30:38 /admin_assets/js/main.js .......................... ~ 0s
  2025-09-18 23:30:38 /admin_assets/js/sweet-alert.js ................... ~ 0s
  2025-09-18 23:30:38 /admin_assets/vendors/sweetalert2/sweetalert2.min.js  ~ 0s
  2025-09-18 23:30:39 /admin_assets/js/jquery.validate.min.js ........... ~ 0s
  2025-09-18 23:30:39 /admin_assets/js/data-table.js .................... ~ 0s
  2025-09-18 23:30:39 /admin_assets/js/inputmask.js ..................... ~ 0s
  2025-09-18 23:30:39 /admin_assets/js/select2.js ....................... ~ 0s
  2025-09-18 23:30:39 /admin_assets/js/typeahead.js ..................... ~ 0s
  2025-09-18 23:30:39 /admin_assets/js/tags-input.js .................... ~ 0s
  2025-09-18 23:30:39 /admin_assets/js/dropzone.js ...................... ~ 0s
  2025-09-18 23:30:39 /admin_assets/js/dropify.js ....................... ~ 0s
  2025-09-18 23:30:39 /admin_assets/js/pickr.js ......................... ~ 0s
  2025-09-18 23:30:39 /admin_assets/js/flatpickr.js ..................... ~ 0s
  2025-09-18 23:30:42 ................................................... ~ 0s
  2025-09-18 23:30:42 ................................................... ~ 1s
  2025-09-18 23:30:43 /admin_assets/vendors/sweetalert2/sweetalert2.min.css  ~ 0s
  2025-09-18 23:30:43 /assets/img/mothersolution.png .................... ~ 0s
  2025-09-18 23:30:43 /assets-home/images/logo/logo.jpeg ................ ~ 0s
  2025-09-18 23:30:43 /assets-home/images/logo/logo.png ................. ~ 0s
  2025-09-18 23:30:43 /admin_assets/vendors/sweetalert2/sweetalert2.min.js  ~ 0s
  2025-09-18 23:30:43 /admin_assets/js/sweet-alert.js ................... ~ 0s
  2025-09-18 23:30:43 /admin_assets/js/main.js .......................... ~ 0s
  2025-09-18 23:31:19 .................................................. ~ 67s
  2025-09-18 23:39:11 ................................................... ~ 0s
  2025-09-18 23:39:11 /admin_assets/vendors/sweetalert2/sweetalert2.min.css  ~ 1s
  2025-09-18 23:39:12 /assets-home/images/logo/logo.jpeg ................ ~ 0s
  2025-09-18 23:39:12 /assets/img/mothersolution.png .................... ~ 0s
  2025-09-18 23:39:12 /admin_assets/vendors/sweetalert2/sweetalert2.min.js  ~ 0s
  2025-09-18 23:39:12 /admin_assets/js/sweet-alert.js ................... ~ 0s
  2025-09-18 23:39:12 /admin_assets/js/main.js .......................... ~ 0s
  2025-09-18 23:39:13 /assets-home/images/logo/logo.jpeg ................ ~ 0s
  2025-09-18 23:39:18 ................................................... ~ 1s
  2025-09-18 23:39:19 /admin_assets/vendors/sweetalert2/sweetalert2.min.css  ~ 0s
  2025-09-18 23:39:19 /assets-home/images/logo/logo.jpeg ................ ~ 0s
  2025-09-18 23:39:19 /assets/img/mothersolution.png .................... ~ 0s
  2025-09-18 23:39:19 /admin_assets/vendors/sweetalert2/sweetalert2.min.js  ~ 0s
  2025-09-18 23:39:19 /admin_assets/js/sweet-alert.js ................... ~ 0s
  2025-09-18 23:39:19 /admin_assets/js/main.js .......................... ~ 0s
  2025-09-18 23:39:20 /assets-home/images/logo/logo.jpeg ................ ~ 0s
  2025-09-18 23:39:21 ................................................... ~ 1s
  2025-09-18 23:39:21 /admin_assets/vendors/sweetalert2/sweetalert2.min.css  ~ 1s
  2025-09-18 23:39:22 /assets-home/images/logo/logo.jpeg ................ ~ 0s
  2025-09-18 23:39:22 /admin_assets/vendors/sweetalert2/sweetalert2.min.js  ~ 0s
  2025-09-18 23:39:22 /admin_assets/js/sweet-alert.js ................... ~ 0s
  2025-09-18 23:39:22 /admin_assets/js/main.js .......................... ~ 0s
  2025-09-18 23:39:22 /assets/img/mothersolution.png .................... ~ 0s
  2025-09-18 23:39:46 /assets-home/images/logo/logo.jpeg ................ ~ 0s
